<?xml version="1.0" encoding="UTF-8"?>
<!-- Generated by org.testng.reporters.JUnitXMLReporter -->
<testsuite ignored="0" hostname="DESKTOP-189EDUB" failures="0" tests="5" name="Default test" time="89.15" errors="0" timestamp="22 Apr 2018 06:21:54 GMT">
  <testcase classname="dpnztestcases.dpnzSprint1" name="invalidnullloginTest" time="1.755"/>
  <testcase classname="dpnztestcases.dpnzSprint1" name="invalidnullpwdloginTest" time="2.351"/>
  <testcase classname="dpnztestcases.dpnzSprint1" name="invalidnullusernameloginTest" time="1.829"/>
  <testcase classname="dpnztestcases.dpnzSprint1" name="invalidpswdloginTest" time="2.221"/>
  <testcase classname="dpnztestcases.dpnzSprint1" name="validloginTest" time="1.644"/>
</testsuite> <!-- Default test -->
