<?xml version="1.0" encoding="UTF-8"?>
<!-- Generated by org.testng.reporters.JUnitXMLReporter -->
<testsuite ignored="0" hostname="DESKTOP-189EDUB" failures="0" tests="6" name="Default test" time="135.096" errors="0" timestamp="26 Apr 2018 02:34:38 GMT">
  <testcase classname="dpnztestcases.dpnzSprint1" name="invalidnullloginTest" time="11.704"/>
  <testcase classname="dpnztestcases.dpnzSprint1" name="invalidnullpwdloginTest" time="11.885"/>
  <testcase classname="dpnztestcases.dpnzSprint1" name="invalidnullusernameloginTest" time="6.485"/>
  <testcase classname="dpnztestcases.dpnzSprint1" name="invalidpswdloginTest" time="11.346"/>
  <testcase classname="dpnztestcases.dpnzSprint1" name="invalidusernameloginTest" time="6.55"/>
  <testcase classname="dpnztestcases.dpnzSprint1" name="validloginTest" time="1.597"/>
</testsuite> <!-- Default test -->
