<?xml version="1.0" encoding="UTF-8"?>
<testng-results ignored="0" total="5" passed="5" failed="0" skipped="0">
  <reporter-output>
    <line>
      <![CDATA[=====Browser Session Started=====]]>
    </line>
    <line>
      <![CDATA[=====Application Started=====]]>
    </line>
    <line>
      <![CDATA[=====Browser Session End=====]]>
    </line>
    <line>
      <![CDATA[=====Browser Session Started=====]]>
    </line>
    <line>
      <![CDATA[=====Application Started=====]]>
    </line>
    <line>
      <![CDATA[=====Browser Session End=====]]>
    </line>
    <line>
      <![CDATA[=====Browser Session Started=====]]>
    </line>
    <line>
      <![CDATA[=====Application Started=====]]>
    </line>
    <line>
      <![CDATA[=====Browser Session End=====]]>
    </line>
    <line>
      <![CDATA[=====Browser Session Started=====]]>
    </line>
    <line>
      <![CDATA[=====Application Started=====]]>
    </line>
    <line>
      <![CDATA[=====Browser Session End=====]]>
    </line>
    <line>
      <![CDATA[=====Browser Session Started=====]]>
    </line>
    <line>
      <![CDATA[=====Application Started=====]]>
    </line>
    <line>
      <![CDATA[=====Browser Session End=====]]>
    </line>
  </reporter-output>
  <suite started-at="2018-04-22T06:43:13Z" name="Suite" finished-at="2018-04-22T06:44:47Z" duration-ms="94060">
    <groups>
    </groups>
    <test started-at="2018-04-22T06:43:13Z" name="Test" finished-at="2018-04-22T06:44:47Z" duration-ms="94060">
      <class name="dpnztestcases.dpnzSprint1">
        <test-method is-config="true" signature="launchurl()[pri:0, instance:dpnztestcases.dpnzSprint1@7a675056]" started-at="2018-04-22T06:43:13Z" name="launchurl" finished-at="2018-04-22T06:43:33Z" duration-ms="20118" status="PASS">
          <reporter-output>
            <line>
              <![CDATA[=====Browser Session Started=====]]>
            </line>
            <line>
              <![CDATA[=====Application Started=====]]>
            </line>
          </reporter-output>
        </test-method> <!-- launchurl -->
        <test-method signature="invalidnullloginTest()[pri:0, instance:dpnztestcases.dpnzSprint1@7a675056]" started-at="2018-04-22T06:43:33Z" name="invalidnullloginTest" finished-at="2018-04-22T06:43:35Z" duration-ms="1983" status="PASS">
          <reporter-output>
          </reporter-output>
        </test-method> <!-- invalidnullloginTest -->
        <test-method is-config="true" signature="closeApplication(org.testng.ITestResult)[pri:0, instance:dpnztestcases.dpnzSprint1@7a675056]" started-at="2018-04-22T06:43:35Z" name="closeApplication" finished-at="2018-04-22T06:43:36Z" duration-ms="898" status="PASS">
          <params>
            <param index="0">
              <value>
                <![CDATA[[TestResult name=invalidnullloginTest status=SUCCESS method=dpnzSprint1.invalidnullloginTest()[pri:0, instance:dpnztestcases.dpnzSprint1@7a675056] output={null}]]]>
              </value>
            </param>
          </params>
          <reporter-output>
            <line>
              <![CDATA[=====Browser Session End=====]]>
            </line>
          </reporter-output>
        </test-method> <!-- closeApplication -->
        <test-method is-config="true" signature="launchurl()[pri:0, instance:dpnztestcases.dpnzSprint1@7a675056]" started-at="2018-04-22T06:43:36Z" name="launchurl" finished-at="2018-04-22T06:43:54Z" duration-ms="17631" status="PASS">
          <reporter-output>
            <line>
              <![CDATA[=====Browser Session Started=====]]>
            </line>
            <line>
              <![CDATA[=====Application Started=====]]>
            </line>
          </reporter-output>
        </test-method> <!-- launchurl -->
        <test-method signature="invalidnullpwdloginTest()[pri:0, instance:dpnztestcases.dpnzSprint1@7a675056]" started-at="2018-04-22T06:43:54Z" name="invalidnullpwdloginTest" finished-at="2018-04-22T06:43:55Z" duration-ms="1832" status="PASS">
          <reporter-output>
          </reporter-output>
        </test-method> <!-- invalidnullpwdloginTest -->
        <test-method is-config="true" signature="closeApplication(org.testng.ITestResult)[pri:0, instance:dpnztestcases.dpnzSprint1@7a675056]" started-at="2018-04-22T06:43:55Z" name="closeApplication" finished-at="2018-04-22T06:43:56Z" duration-ms="865" status="PASS">
          <params>
            <param index="0">
              <value>
                <![CDATA[[TestResult name=invalidnullpwdloginTest status=SUCCESS method=dpnzSprint1.invalidnullpwdloginTest()[pri:0, instance:dpnztestcases.dpnzSprint1@7a675056] output={null}]]]>
              </value>
            </param>
          </params>
          <reporter-output>
            <line>
              <![CDATA[=====Browser Session End=====]]>
            </line>
          </reporter-output>
        </test-method> <!-- closeApplication -->
        <test-method is-config="true" signature="launchurl()[pri:0, instance:dpnztestcases.dpnzSprint1@7a675056]" started-at="2018-04-22T06:43:56Z" name="launchurl" finished-at="2018-04-22T06:44:11Z" duration-ms="14825" status="PASS">
          <reporter-output>
            <line>
              <![CDATA[=====Browser Session Started=====]]>
            </line>
            <line>
              <![CDATA[=====Application Started=====]]>
            </line>
          </reporter-output>
        </test-method> <!-- launchurl -->
        <test-method signature="invalidnullusernameloginTest()[pri:0, instance:dpnztestcases.dpnzSprint1@7a675056]" started-at="2018-04-22T06:44:11Z" name="invalidnullusernameloginTest" finished-at="2018-04-22T06:44:14Z" duration-ms="2591" status="PASS">
          <reporter-output>
          </reporter-output>
        </test-method> <!-- invalidnullusernameloginTest -->
        <test-method is-config="true" signature="closeApplication(org.testng.ITestResult)[pri:0, instance:dpnztestcases.dpnzSprint1@7a675056]" started-at="2018-04-22T06:44:14Z" name="closeApplication" finished-at="2018-04-22T06:44:15Z" duration-ms="890" status="PASS">
          <params>
            <param index="0">
              <value>
                <![CDATA[[TestResult name=invalidnullusernameloginTest status=SUCCESS method=dpnzSprint1.invalidnullusernameloginTest()[pri:0, instance:dpnztestcases.dpnzSprint1@7a675056] output={null}]]]>
              </value>
            </param>
          </params>
          <reporter-output>
            <line>
              <![CDATA[=====Browser Session End=====]]>
            </line>
          </reporter-output>
        </test-method> <!-- closeApplication -->
        <test-method is-config="true" signature="launchurl()[pri:0, instance:dpnztestcases.dpnzSprint1@7a675056]" started-at="2018-04-22T06:44:15Z" name="launchurl" finished-at="2018-04-22T06:44:28Z" duration-ms="13747" status="PASS">
          <reporter-output>
            <line>
              <![CDATA[=====Browser Session Started=====]]>
            </line>
            <line>
              <![CDATA[=====Application Started=====]]>
            </line>
          </reporter-output>
        </test-method> <!-- launchurl -->
        <test-method signature="invalidpswdloginTest()[pri:0, instance:dpnztestcases.dpnzSprint1@7a675056]" started-at="2018-04-22T06:44:28Z" name="invalidpswdloginTest" finished-at="2018-04-22T06:44:30Z" duration-ms="1625" status="PASS">
          <reporter-output>
          </reporter-output>
        </test-method> <!-- invalidpswdloginTest -->
        <test-method is-config="true" signature="closeApplication(org.testng.ITestResult)[pri:0, instance:dpnztestcases.dpnzSprint1@7a675056]" started-at="2018-04-22T06:44:30Z" name="closeApplication" finished-at="2018-04-22T06:44:31Z" duration-ms="876" status="PASS">
          <params>
            <param index="0">
              <value>
                <![CDATA[[TestResult name=invalidpswdloginTest status=SUCCESS method=dpnzSprint1.invalidpswdloginTest()[pri:0, instance:dpnztestcases.dpnzSprint1@7a675056] output={null}]]]>
              </value>
            </param>
          </params>
          <reporter-output>
            <line>
              <![CDATA[=====Browser Session End=====]]>
            </line>
          </reporter-output>
        </test-method> <!-- closeApplication -->
        <test-method is-config="true" signature="launchurl()[pri:0, instance:dpnztestcases.dpnzSprint1@7a675056]" started-at="2018-04-22T06:44:31Z" name="launchurl" finished-at="2018-04-22T06:44:45Z" duration-ms="13636" status="PASS">
          <reporter-output>
            <line>
              <![CDATA[=====Browser Session Started=====]]>
            </line>
            <line>
              <![CDATA[=====Application Started=====]]>
            </line>
          </reporter-output>
        </test-method> <!-- launchurl -->
        <test-method signature="validloginTest()[pri:0, instance:dpnztestcases.dpnzSprint1@7a675056]" started-at="2018-04-22T06:44:45Z" name="validloginTest" finished-at="2018-04-22T06:44:46Z" duration-ms="1617" status="PASS">
          <reporter-output>
          </reporter-output>
        </test-method> <!-- validloginTest -->
        <test-method is-config="true" signature="closeApplication(org.testng.ITestResult)[pri:0, instance:dpnztestcases.dpnzSprint1@7a675056]" started-at="2018-04-22T06:44:46Z" name="closeApplication" finished-at="2018-04-22T06:44:47Z" duration-ms="866" status="PASS">
          <params>
            <param index="0">
              <value>
                <![CDATA[[TestResult name=validloginTest status=SUCCESS method=dpnzSprint1.validloginTest()[pri:0, instance:dpnztestcases.dpnzSprint1@7a675056] output={null}]]]>
              </value>
            </param>
          </params>
          <reporter-output>
            <line>
              <![CDATA[=====Browser Session End=====]]>
            </line>
          </reporter-output>
        </test-method> <!-- closeApplication -->
      </class> <!-- dpnztestcases.dpnzSprint1 -->
    </test> <!-- Test -->
  </suite> <!-- Suite -->
</testng-results>
