<?xml version="1.0" encoding="UTF-8"?>
<!-- Generated by org.testng.reporters.JUnitXMLReporter -->
<testsuite ignored="0" hostname="DESKTOP-189EDUB" failures="0" tests="8" name="Test" time="261.205" errors="0" timestamp="28 Apr 2018 05:20:26 GMT">
  <testcase classname="dpnztestcases.DPNZloginTest" name="invalidnullloginTest" time="11.32"/>
  <testcase classname="dpnztestcases.DPNZloginTest" name="invalidnullpwdloginTest" time="11.435"/>
  <testcase classname="dpnztestcases.DPNZloginTest" name="invalidnullusernameloginTest" time="6.097"/>
  <testcase classname="dpnztestcases.DPNZloginTest" name="invalidpswdloginTest" time="11.857"/>
  <testcase classname="dpnztestcases.DPNZloginTest" name="invalidusernameloginTest" time="6.369"/>
  <testcase classname="dpnztestcases.DPNZloginTest" name="validloginTest" time="28.456"/>
  <testcase classname="dpnztestcases.DPNZsignupTest" name="validsignupTest" time="18.074"/>
  <testcase classname="dpnztestcases.DPNZchangepasswordTest" name="changepasswordTest" time="39.246"/>
</testsuite> <!-- Test -->
